<?xml version="1.0" encoding="UTF-8"?>
<robot generator="Robot 4.0 (Python 3.8.0 on win32)" generated="20220113 17:37:32.490" rpa="false" schemaversion="2">
<suite id="s1" name="Siebel AsignacionADSL" source="d:\Documents\Automatización Sanity CRM Portal\AsignacionADSL_RobotFrameWork_Sikuli\test\Siebel_AsignacionADSL.robot">
<test id="s1-t1" name="Agrega el contacto al cliente">
<kw name="Jerarquia" library="agregarContactos">
<kw name="cargarImagenesAgregarContactos" library="agregarContactos">
<kw name="Add Image Path" library="SikuliLibrary">
<arg>${EXECDIR}\\resources\\elements\\agregarContactos</arg>
<doc>Add image path</doc>
<status status="PASS" starttime="20220113 17:37:35.406" endtime="20220113 17:37:35.422"/>
</kw>
<status status="PASS" starttime="20220113 17:37:35.405" endtime="20220113 17:37:35.423"/>
</kw>
<kw name="Click" library="SikuliLibrary">
<arg>IE3.png</arg>
<doc>Click</doc>
<msg timestamp="20220113 17:37:36.577" level="INFO" html="true">&lt;img src='sikuli_captured/sikuliximage-1642113455856.png'/&gt;
[log] CLICK on L[222,1060]@S(0) (558 msec)</msg>
<status status="PASS" starttime="20220113 17:37:35.423" endtime="20220113 17:37:36.578"/>
</kw>
<kw name="Click" library="SikuliLibrary">
<arg>pestanaGerarquiaDeCuentas.PNG</arg>
<doc>Click</doc>
<msg timestamp="20220113 17:37:37.497" level="INFO" html="true">&lt;img src='sikuli_captured/sikuliximage-1642113456795.png'/&gt;
[log] CLICK on L[269,563]@S(0) (554 msec)</msg>
<status status="PASS" starttime="20220113 17:37:36.580" endtime="20220113 17:37:37.497"/>
</kw>
<kw name="Click" library="SikuliLibrary">
<arg>tituloCuentaPrincipal</arg>
<arg>yOffset=70</arg>
<doc>Click</doc>
<msg timestamp="20220113 17:37:38.549" level="INFO" html="true">&lt;img src='sikuli_captured/sikuliximage-1642113458012.png'/&gt;
[log] CLICK on L[489,695]@S(0) (536 msec)</msg>
<status status="PASS" starttime="20220113 17:37:37.497" endtime="20220113 17:37:38.549"/>
</kw>
<status status="PASS" starttime="20220113 17:37:35.402" endtime="20220113 17:37:38.549"/>
</kw>
<status status="PASS" starttime="20220113 17:37:35.398" endtime="20220113 17:37:38.553"/>
</test>
<doc>Test Suite para la asignacion de un ADSL nuevo</doc>
<status status="PASS" starttime="20220113 17:37:32.504" endtime="20220113 17:37:38.555"/>
</suite>
<statistics>
<total>
<stat pass="1" fail="0" skip="0">All Tests</stat>
</total>
<tag>
</tag>
<suite>
<stat pass="1" fail="0" skip="0" id="s1" name="Siebel AsignacionADSL">Siebel AsignacionADSL</stat>
</suite>
</statistics>
<errors>
</errors>
</robot>
